<?xml version="1.0" encoding="UTF-8"?>
<!-- Generated by org.testng.reporters.JUnitReportReporter -->
<testsuite hostname="5CG1265QHJ" failures="0" tests="1" name="SeleniumMaven.RESTAPITest" time="0.001" errors="0" timestamp="2022-03-03T17:49:28 IST" skipped="0">
  <testcase classname="SeleniumMaven.RESTAPITest" name="restapiTest" time="0.001"/>
  <system-out/>
</testsuite> <!-- SeleniumMaven.RESTAPITest -->
