<?xml version="1.0" encoding="UTF-8"?>
<!-- Generated by org.testng.reporters.JUnitReportReporter -->
<testsuite skipped="0" hostname="5CG1265QHJ" name="SeleniumMaven.SeleniumTest" tests="1" failures="0" timestamp="2022-03-03T17:50:43 IST" time="0.000" errors="0">
  <testcase name="browserAutomaiton" time="0.000" classname="SeleniumMaven.SeleniumTest"/>
  <system-out/>
</testsuite> <!-- SeleniumMaven.SeleniumTest -->
