<?xml version="1.0" encoding="UTF-8"?>
<!-- Generated by org.testng.reporters.JUnitReportReporter -->
<testsuite skipped="0" hostname="5CG1265QHJ" name="SeleniumMaven.RESTAPITest" tests="1" failures="0" timestamp="2022-03-03T17:50:43 IST" time="0.001" errors="0">
  <testcase name="restapiTest" time="0.001" classname="SeleniumMaven.RESTAPITest"/>
  <system-out/>
</testsuite> <!-- SeleniumMaven.RESTAPITest -->
